DEBUG main freemarker.cache - Couldn't find template in cache for "author-view/author-view.ftl"("en", UTF-8, parsed); will try to load it.
DEBUG main freemarker.cache - TemplateLoader.findTemplateSource("author-view/author-view_en.ftl"): Not found
DEBUG main freemarker.cache - TemplateLoader.findTemplateSource("author-view/author-view.ftl"): Found
DEBUG main freemarker.cache - Loading template for "author-view/author-view.ftl"("en", UTF-8, parsed) from "jar:file:/C:/Users/adc/.m2/repository/com/aventstack/extentreports/3.1.2/extentreports-3.1.2.jar!/com/aventstack/extentreports/view/html-report/author-view/author-view.ftl"
DEBUG main freemarker.cache - Couldn't find template in cache for "exception-view/exception-view.ftl"("en", UTF-8, parsed); will try to load it.
DEBUG main freemarker.cache - TemplateLoader.findTemplateSource("exception-view/exception-view_en.ftl"): Not found
DEBUG main freemarker.cache - TemplateLoader.findTemplateSource("exception-view/exception-view.ftl"): Found
DEBUG main freemarker.cache - Loading template for "exception-view/exception-view.ftl"("en", UTF-8, parsed) from "jar:file:/C:/Users/adc/.m2/repository/com/aventstack/extentreports/3.1.2/extentreports-3.1.2.jar!/com/aventstack/extentreports/view/html-report/exception-view/exception-view.ftl"
DEBUG main freemarker.cache - Couldn't find template in cache for "dashboard-view/dashboard-view.ftl"("en", UTF-8, parsed); will try to load it.
DEBUG main freemarker.cache - TemplateLoader.findTemplateSource("dashboard-view/dashboard-view_en.ftl"): Not found
DEBUG main freemarker.cache - TemplateLoader.findTemplateSource("dashboard-view/dashboard-view.ftl"): Found
DEBUG main freemarker.cache - Loading template for "dashboard-view/dashboard-view.ftl"("en", UTF-8, parsed) from "jar:file:/C:/Users/adc/.m2/repository/com/aventstack/extentreports/3.1.2/extentreports-3.1.2.jar!/com/aventstack/extentreports/view/html-report/dashboard-view/dashboard-view.ftl"
DEBUG main freemarker.cache - Couldn't find template in cache for "logs-view/testrunner-logs-view.ftl"("en", UTF-8, parsed); will try to load it.
DEBUG main freemarker.cache - TemplateLoader.findTemplateSource("logs-view/testrunner-logs-view_en.ftl"): Not found
DEBUG main freemarker.cache - TemplateLoader.findTemplateSource("logs-view/testrunner-logs-view.ftl"): Found
DEBUG main freemarker.cache - Loading template for "logs-view/testrunner-logs-view.ftl"("en", UTF-8, parsed) from "jar:file:/C:/Users/adc/.m2/repository/com/aventstack/extentreports/3.1.2/extentreports-3.1.2.jar!/com/aventstack/extentreports/view/html-report/logs-view/testrunner-logs-view.ftl"
INFO main testCases.SearchProduct - Launching Aamzon Application
INFO main testCases.SearchProduct - Entering Product Name
DEBUG main freemarker.cache - Couldn't find template in cache for "index.ftl"("en", UTF-8, parsed); will try to load it.
DEBUG main freemarker.cache - TemplateLoader.findTemplateSource("index_en.ftl"): Not found
DEBUG main freemarker.cache - TemplateLoader.findTemplateSource("index.ftl"): Found
DEBUG main freemarker.cache - Loading template for "index.ftl"("en", UTF-8, parsed) from "jar:file:/C:/Users/adc/.m2/repository/com/aventstack/extentreports/3.1.2/extentreports-3.1.2.jar!/com/aventstack/extentreports/view/html-report/index.ftl"
DEBUG main freemarker.cache - Couldn't find template in cache for "head.ftl"("en", UTF-8, parsed); will try to load it.
DEBUG main freemarker.cache - TemplateLoader.findTemplateSource("head_en.ftl"): Not found
DEBUG main freemarker.cache - TemplateLoader.findTemplateSource("head.ftl"): Found
DEBUG main freemarker.cache - Loading template for "head.ftl"("en", UTF-8, parsed) from "jar:file:/C:/Users/adc/.m2/repository/com/aventstack/extentreports/3.1.2/extentreports-3.1.2.jar!/com/aventstack/extentreports/view/html-report/head.ftl"
DEBUG main freemarker.cache - Couldn't find template in cache for "nav.ftl"("en", UTF-8, parsed); will try to load it.
DEBUG main freemarker.cache - TemplateLoader.findTemplateSource("nav_en.ftl"): Not found
DEBUG main freemarker.cache - TemplateLoader.findTemplateSource("nav.ftl"): Found
DEBUG main freemarker.cache - Loading template for "nav.ftl"("en", UTF-8, parsed) from "jar:file:/C:/Users/adc/.m2/repository/com/aventstack/extentreports/3.1.2/extentreports-3.1.2.jar!/com/aventstack/extentreports/view/html-report/nav.ftl"
DEBUG main freemarker.cache - Couldn't find template in cache for "test-view/test-view.ftl"("en", UTF-8, parsed); will try to load it.
DEBUG main freemarker.cache - TemplateLoader.findTemplateSource("test-view/test-view_en.ftl"): Not found
DEBUG main freemarker.cache - TemplateLoader.findTemplateSource("test-view/test-view.ftl"): Found
DEBUG main freemarker.cache - Loading template for "test-view/test-view.ftl"("en", UTF-8, parsed) from "jar:file:/C:/Users/adc/.m2/repository/com/aventstack/extentreports/3.1.2/extentreports-3.1.2.jar!/com/aventstack/extentreports/view/html-report/test-view/test-view.ftl"
DEBUG main freemarker.cache - Couldn't find template in cache for "test-view/test-view-charts.ftl"("en", UTF-8, parsed); will try to load it.
DEBUG main freemarker.cache - TemplateLoader.findTemplateSource("test-view/test-view-charts_en.ftl"): Not found
DEBUG main freemarker.cache - TemplateLoader.findTemplateSource("test-view/test-view-charts.ftl"): Found
DEBUG main freemarker.cache - Loading template for "test-view/test-view-charts.ftl"("en", UTF-8, parsed) from "jar:file:/C:/Users/adc/.m2/repository/com/aventstack/extentreports/3.1.2/extentreports-3.1.2.jar!/com/aventstack/extentreports/view/html-report/test-view/test-view-charts.ftl"
DEBUG main freemarker.cache - Couldn't find template in cache for "test-view/standard.ftl"("en", UTF-8, parsed); will try to load it.
DEBUG main freemarker.cache - TemplateLoader.findTemplateSource("test-view/standard_en.ftl"): Not found
DEBUG main freemarker.cache - TemplateLoader.findTemplateSource("test-view/standard.ftl"): Found
DEBUG main freemarker.cache - Loading template for "test-view/standard.ftl"("en", UTF-8, parsed) from "jar:file:/C:/Users/adc/.m2/repository/com/aventstack/extentreports/3.1.2/extentreports-3.1.2.jar!/com/aventstack/extentreports/view/html-report/test-view/standard.ftl"
DEBUG main freemarker.cache - "test-view/standard.ftl"("en", UTF-8, parsed) cached copy not yet stale; using cached.
DEBUG main freemarker.cache - Couldn't find template in cache for "category-view/category-view.ftl"("en", UTF-8, parsed); will try to load it.
DEBUG main freemarker.cache - TemplateLoader.findTemplateSource("category-view/category-view_en.ftl"): Not found
DEBUG main freemarker.cache - TemplateLoader.findTemplateSource("category-view/category-view.ftl"): Found
DEBUG main freemarker.cache - Loading template for "category-view/category-view.ftl"("en", UTF-8, parsed) from "jar:file:/C:/Users/adc/.m2/repository/com/aventstack/extentreports/3.1.2/extentreports-3.1.2.jar!/com/aventstack/extentreports/view/html-report/category-view/category-view.ftl"
DEBUG main freemarker.cache - Couldn't find template in cache for "author-view/author-view.ftl"("en", UTF-8, parsed); will try to load it.
DEBUG main freemarker.cache - TemplateLoader.findTemplateSource("author-view/author-view_en.ftl"): Not found
DEBUG main freemarker.cache - TemplateLoader.findTemplateSource("author-view/author-view.ftl"): Found
DEBUG main freemarker.cache - Loading template for "author-view/author-view.ftl"("en", UTF-8, parsed) from "jar:file:/C:/Users/adc/.m2/repository/com/aventstack/extentreports/3.1.2/extentreports-3.1.2.jar!/com/aventstack/extentreports/view/html-report/author-view/author-view.ftl"
DEBUG main freemarker.cache - Couldn't find template in cache for "exception-view/exception-view.ftl"("en", UTF-8, parsed); will try to load it.
DEBUG main freemarker.cache - TemplateLoader.findTemplateSource("exception-view/exception-view_en.ftl"): Not found
DEBUG main freemarker.cache - TemplateLoader.findTemplateSource("exception-view/exception-view.ftl"): Found
DEBUG main freemarker.cache - Loading template for "exception-view/exception-view.ftl"("en", UTF-8, parsed) from "jar:file:/C:/Users/adc/.m2/repository/com/aventstack/extentreports/3.1.2/extentreports-3.1.2.jar!/com/aventstack/extentreports/view/html-report/exception-view/exception-view.ftl"
DEBUG main freemarker.cache - Couldn't find template in cache for "dashboard-view/dashboard-view.ftl"("en", UTF-8, parsed); will try to load it.
DEBUG main freemarker.cache - TemplateLoader.findTemplateSource("dashboard-view/dashboard-view_en.ftl"): Not found
DEBUG main freemarker.cache - TemplateLoader.findTemplateSource("dashboard-view/dashboard-view.ftl"): Found
DEBUG main freemarker.cache - Loading template for "dashboard-view/dashboard-view.ftl"("en", UTF-8, parsed) from "jar:file:/C:/Users/adc/.m2/repository/com/aventstack/extentreports/3.1.2/extentreports-3.1.2.jar!/com/aventstack/extentreports/view/html-report/dashboard-view/dashboard-view.ftl"
DEBUG main freemarker.cache - Couldn't find template in cache for "logs-view/testrunner-logs-view.ftl"("en", UTF-8, parsed); will try to load it.
DEBUG main freemarker.cache - TemplateLoader.findTemplateSource("logs-view/testrunner-logs-view_en.ftl"): Not found
DEBUG main freemarker.cache - TemplateLoader.findTemplateSource("logs-view/testrunner-logs-view.ftl"): Found
DEBUG main freemarker.cache - Loading template for "logs-view/testrunner-logs-view.ftl"("en", UTF-8, parsed) from "jar:file:/C:/Users/adc/.m2/repository/com/aventstack/extentreports/3.1.2/extentreports-3.1.2.jar!/com/aventstack/extentreports/view/html-report/logs-view/testrunner-logs-view.ftl"
INFO main testCases.SearchProduct - Launching Aamzon Application
INFO main testCases.SearchProduct - Entering Product Name
DEBUG main freemarker.cache - Couldn't find template in cache for "index.ftl"("en", UTF-8, parsed); will try to load it.
DEBUG main freemarker.cache - TemplateLoader.findTemplateSource("index_en.ftl"): Not found
DEBUG main freemarker.cache - TemplateLoader.findTemplateSource("index.ftl"): Found
DEBUG main freemarker.cache - Loading template for "index.ftl"("en", UTF-8, parsed) from "jar:file:/C:/Users/adc/.m2/repository/com/aventstack/extentreports/3.1.2/extentreports-3.1.2.jar!/com/aventstack/extentreports/view/html-report/index.ftl"
DEBUG main freemarker.cache - Couldn't find template in cache for "head.ftl"("en", UTF-8, parsed); will try to load it.
DEBUG main freemarker.cache - TemplateLoader.findTemplateSource("head_en.ftl"): Not found
DEBUG main freemarker.cache - TemplateLoader.findTemplateSource("head.ftl"): Found
DEBUG main freemarker.cache - Loading template for "head.ftl"("en", UTF-8, parsed) from "jar:file:/C:/Users/adc/.m2/repository/com/aventstack/extentreports/3.1.2/extentreports-3.1.2.jar!/com/aventstack/extentreports/view/html-report/head.ftl"
DEBUG main freemarker.cache - Couldn't find template in cache for "nav.ftl"("en", UTF-8, parsed); will try to load it.
DEBUG main freemarker.cache - TemplateLoader.findTemplateSource("nav_en.ftl"): Not found
DEBUG main freemarker.cache - TemplateLoader.findTemplateSource("nav.ftl"): Found
DEBUG main freemarker.cache - Loading template for "nav.ftl"("en", UTF-8, parsed) from "jar:file:/C:/Users/adc/.m2/repository/com/aventstack/extentreports/3.1.2/extentreports-3.1.2.jar!/com/aventstack/extentreports/view/html-report/nav.ftl"
DEBUG main freemarker.cache - Couldn't find template in cache for "test-view/test-view.ftl"("en", UTF-8, parsed); will try to load it.
DEBUG main freemarker.cache - TemplateLoader.findTemplateSource("test-view/test-view_en.ftl"): Not found
DEBUG main freemarker.cache - TemplateLoader.findTemplateSource("test-view/test-view.ftl"): Found
DEBUG main freemarker.cache - Loading template for "test-view/test-view.ftl"("en", UTF-8, parsed) from "jar:file:/C:/Users/adc/.m2/repository/com/aventstack/extentreports/3.1.2/extentreports-3.1.2.jar!/com/aventstack/extentreports/view/html-report/test-view/test-view.ftl"
DEBUG main freemarker.cache - Couldn't find template in cache for "test-view/test-view-charts.ftl"("en", UTF-8, parsed); will try to load it.
DEBUG main freemarker.cache - TemplateLoader.findTemplateSource("test-view/test-view-charts_en.ftl"): Not found
DEBUG main freemarker.cache - TemplateLoader.findTemplateSource("test-view/test-view-charts.ftl"): Found
DEBUG main freemarker.cache - Loading template for "test-view/test-view-charts.ftl"("en", UTF-8, parsed) from "jar:file:/C:/Users/adc/.m2/repository/com/aventstack/extentreports/3.1.2/extentreports-3.1.2.jar!/com/aventstack/extentreports/view/html-report/test-view/test-view-charts.ftl"
DEBUG main freemarker.cache - Couldn't find template in cache for "test-view/standard.ftl"("en", UTF-8, parsed); will try to load it.
DEBUG main freemarker.cache - TemplateLoader.findTemplateSource("test-view/standard_en.ftl"): Not found
DEBUG main freemarker.cache - TemplateLoader.findTemplateSource("test-view/standard.ftl"): Found
DEBUG main freemarker.cache - Loading template for "test-view/standard.ftl"("en", UTF-8, parsed) from "jar:file:/C:/Users/adc/.m2/repository/com/aventstack/extentreports/3.1.2/extentreports-3.1.2.jar!/com/aventstack/extentreports/view/html-report/test-view/standard.ftl"
DEBUG main freemarker.cache - "test-view/standard.ftl"("en", UTF-8, parsed) cached copy not yet stale; using cached.
DEBUG main freemarker.cache - Couldn't find template in cache for "category-view/category-view.ftl"("en", UTF-8, parsed); will try to load it.
DEBUG main freemarker.cache - TemplateLoader.findTemplateSource("category-view/category-view_en.ftl"): Not found
DEBUG main freemarker.cache - TemplateLoader.findTemplateSource("category-view/category-view.ftl"): Found
DEBUG main freemarker.cache - Loading template for "category-view/category-view.ftl"("en", UTF-8, parsed) from "jar:file:/C:/Users/adc/.m2/repository/com/aventstack/extentreports/3.1.2/extentreports-3.1.2.jar!/com/aventstack/extentreports/view/html-report/category-view/category-view.ftl"
DEBUG main freemarker.cache - Couldn't find template in cache for "author-view/author-view.ftl"("en", UTF-8, parsed); will try to load it.
DEBUG main freemarker.cache - TemplateLoader.findTemplateSource("author-view/author-view_en.ftl"): Not found
DEBUG main freemarker.cache - TemplateLoader.findTemplateSource("author-view/author-view.ftl"): Found
DEBUG main freemarker.cache - Loading template for "author-view/author-view.ftl"("en", UTF-8, parsed) from "jar:file:/C:/Users/adc/.m2/repository/com/aventstack/extentreports/3.1.2/extentreports-3.1.2.jar!/com/aventstack/extentreports/view/html-report/author-view/author-view.ftl"
DEBUG main freemarker.cache - Couldn't find template in cache for "exception-view/exception-view.ftl"("en", UTF-8, parsed); will try to load it.
DEBUG main freemarker.cache - TemplateLoader.findTemplateSource("exception-view/exception-view_en.ftl"): Not found
DEBUG main freemarker.cache - TemplateLoader.findTemplateSource("exception-view/exception-view.ftl"): Found
DEBUG main freemarker.cache - Loading template for "exception-view/exception-view.ftl"("en", UTF-8, parsed) from "jar:file:/C:/Users/adc/.m2/repository/com/aventstack/extentreports/3.1.2/extentreports-3.1.2.jar!/com/aventstack/extentreports/view/html-report/exception-view/exception-view.ftl"
DEBUG main freemarker.cache - Couldn't find template in cache for "dashboard-view/dashboard-view.ftl"("en", UTF-8, parsed); will try to load it.
DEBUG main freemarker.cache - TemplateLoader.findTemplateSource("dashboard-view/dashboard-view_en.ftl"): Not found
DEBUG main freemarker.cache - TemplateLoader.findTemplateSource("dashboard-view/dashboard-view.ftl"): Found
DEBUG main freemarker.cache - Loading template for "dashboard-view/dashboard-view.ftl"("en", UTF-8, parsed) from "jar:file:/C:/Users/adc/.m2/repository/com/aventstack/extentreports/3.1.2/extentreports-3.1.2.jar!/com/aventstack/extentreports/view/html-report/dashboard-view/dashboard-view.ftl"
DEBUG main freemarker.cache - Couldn't find template in cache for "logs-view/testrunner-logs-view.ftl"("en", UTF-8, parsed); will try to load it.
DEBUG main freemarker.cache - TemplateLoader.findTemplateSource("logs-view/testrunner-logs-view_en.ftl"): Not found
DEBUG main freemarker.cache - TemplateLoader.findTemplateSource("logs-view/testrunner-logs-view.ftl"): Found
DEBUG main freemarker.cache - Loading template for "logs-view/testrunner-logs-view.ftl"("en", UTF-8, parsed) from "jar:file:/C:/Users/adc/.m2/repository/com/aventstack/extentreports/3.1.2/extentreports-3.1.2.jar!/com/aventstack/extentreports/view/html-report/logs-view/testrunner-logs-view.ftl"
INFO main testCases.SearchProduct - Launching Aamzon Application
INFO main testCases.SearchProduct - Entering Product Name
DEBUG main freemarker.cache - Couldn't find template in cache for "index.ftl"("en", UTF-8, parsed); will try to load it.
DEBUG main freemarker.cache - TemplateLoader.findTemplateSource("index_en.ftl"): Not found
DEBUG main freemarker.cache - TemplateLoader.findTemplateSource("index.ftl"): Found
DEBUG main freemarker.cache - Loading template for "index.ftl"("en", UTF-8, parsed) from "jar:file:/C:/Users/adc/.m2/repository/com/aventstack/extentreports/3.1.2/extentreports-3.1.2.jar!/com/aventstack/extentreports/view/html-report/index.ftl"
DEBUG main freemarker.cache - Couldn't find template in cache for "head.ftl"("en", UTF-8, parsed); will try to load it.
DEBUG main freemarker.cache - TemplateLoader.findTemplateSource("head_en.ftl"): Not found
DEBUG main freemarker.cache - TemplateLoader.findTemplateSource("head.ftl"): Found
DEBUG main freemarker.cache - Loading template for "head.ftl"("en", UTF-8, parsed) from "jar:file:/C:/Users/adc/.m2/repository/com/aventstack/extentreports/3.1.2/extentreports-3.1.2.jar!/com/aventstack/extentreports/view/html-report/head.ftl"
DEBUG main freemarker.cache - Couldn't find template in cache for "nav.ftl"("en", UTF-8, parsed); will try to load it.
DEBUG main freemarker.cache - TemplateLoader.findTemplateSource("nav_en.ftl"): Not found
DEBUG main freemarker.cache - TemplateLoader.findTemplateSource("nav.ftl"): Found
DEBUG main freemarker.cache - Loading template for "nav.ftl"("en", UTF-8, parsed) from "jar:file:/C:/Users/adc/.m2/repository/com/aventstack/extentreports/3.1.2/extentreports-3.1.2.jar!/com/aventstack/extentreports/view/html-report/nav.ftl"
DEBUG main freemarker.cache - Couldn't find template in cache for "test-view/test-view.ftl"("en", UTF-8, parsed); will try to load it.
DEBUG main freemarker.cache - TemplateLoader.findTemplateSource("test-view/test-view_en.ftl"): Not found
DEBUG main freemarker.cache - TemplateLoader.findTemplateSource("test-view/test-view.ftl"): Found
DEBUG main freemarker.cache - Loading template for "test-view/test-view.ftl"("en", UTF-8, parsed) from "jar:file:/C:/Users/adc/.m2/repository/com/aventstack/extentreports/3.1.2/extentreports-3.1.2.jar!/com/aventstack/extentreports/view/html-report/test-view/test-view.ftl"
DEBUG main freemarker.cache - Couldn't find template in cache for "test-view/test-view-charts.ftl"("en", UTF-8, parsed); will try to load it.
DEBUG main freemarker.cache - TemplateLoader.findTemplateSource("test-view/test-view-charts_en.ftl"): Not found
DEBUG main freemarker.cache - TemplateLoader.findTemplateSource("test-view/test-view-charts.ftl"): Found
DEBUG main freemarker.cache - Loading template for "test-view/test-view-charts.ftl"("en", UTF-8, parsed) from "jar:file:/C:/Users/adc/.m2/repository/com/aventstack/extentreports/3.1.2/extentreports-3.1.2.jar!/com/aventstack/extentreports/view/html-report/test-view/test-view-charts.ftl"
DEBUG main freemarker.cache - Couldn't find template in cache for "test-view/standard.ftl"("en", UTF-8, parsed); will try to load it.
DEBUG main freemarker.cache - TemplateLoader.findTemplateSource("test-view/standard_en.ftl"): Not found
DEBUG main freemarker.cache - TemplateLoader.findTemplateSource("test-view/standard.ftl"): Found
DEBUG main freemarker.cache - Loading template for "test-view/standard.ftl"("en", UTF-8, parsed) from "jar:file:/C:/Users/adc/.m2/repository/com/aventstack/extentreports/3.1.2/extentreports-3.1.2.jar!/com/aventstack/extentreports/view/html-report/test-view/standard.ftl"
DEBUG main freemarker.cache - "test-view/standard.ftl"("en", UTF-8, parsed) cached copy not yet stale; using cached.
DEBUG main freemarker.cache - Couldn't find template in cache for "category-view/category-view.ftl"("en", UTF-8, parsed); will try to load it.
DEBUG main freemarker.cache - TemplateLoader.findTemplateSource("category-view/category-view_en.ftl"): Not found
DEBUG main freemarker.cache - TemplateLoader.findTemplateSource("category-view/category-view.ftl"): Found
DEBUG main freemarker.cache - Loading template for "category-view/category-view.ftl"("en", UTF-8, parsed) from "jar:file:/C:/Users/adc/.m2/repository/com/aventstack/extentreports/3.1.2/extentreports-3.1.2.jar!/com/aventstack/extentreports/view/html-report/category-view/category-view.ftl"
DEBUG main freemarker.cache - Couldn't find template in cache for "author-view/author-view.ftl"("en", UTF-8, parsed); will try to load it.
DEBUG main freemarker.cache - TemplateLoader.findTemplateSource("author-view/author-view_en.ftl"): Not found
DEBUG main freemarker.cache - TemplateLoader.findTemplateSource("author-view/author-view.ftl"): Found
DEBUG main freemarker.cache - Loading template for "author-view/author-view.ftl"("en", UTF-8, parsed) from "jar:file:/C:/Users/adc/.m2/repository/com/aventstack/extentreports/3.1.2/extentreports-3.1.2.jar!/com/aventstack/extentreports/view/html-report/author-view/author-view.ftl"
DEBUG main freemarker.cache - Couldn't find template in cache for "exception-view/exception-view.ftl"("en", UTF-8, parsed); will try to load it.
DEBUG main freemarker.cache - TemplateLoader.findTemplateSource("exception-view/exception-view_en.ftl"): Not found
DEBUG main freemarker.cache - TemplateLoader.findTemplateSource("exception-view/exception-view.ftl"): Found
DEBUG main freemarker.cache - Loading template for "exception-view/exception-view.ftl"("en", UTF-8, parsed) from "jar:file:/C:/Users/adc/.m2/repository/com/aventstack/extentreports/3.1.2/extentreports-3.1.2.jar!/com/aventstack/extentreports/view/html-report/exception-view/exception-view.ftl"
DEBUG main freemarker.cache - Couldn't find template in cache for "dashboard-view/dashboard-view.ftl"("en", UTF-8, parsed); will try to load it.
DEBUG main freemarker.cache - TemplateLoader.findTemplateSource("dashboard-view/dashboard-view_en.ftl"): Not found
DEBUG main freemarker.cache - TemplateLoader.findTemplateSource("dashboard-view/dashboard-view.ftl"): Found
DEBUG main freemarker.cache - Loading template for "dashboard-view/dashboard-view.ftl"("en", UTF-8, parsed) from "jar:file:/C:/Users/adc/.m2/repository/com/aventstack/extentreports/3.1.2/extentreports-3.1.2.jar!/com/aventstack/extentreports/view/html-report/dashboard-view/dashboard-view.ftl"
DEBUG main freemarker.cache - Couldn't find template in cache for "logs-view/testrunner-logs-view.ftl"("en", UTF-8, parsed); will try to load it.
DEBUG main freemarker.cache - TemplateLoader.findTemplateSource("logs-view/testrunner-logs-view_en.ftl"): Not found
DEBUG main freemarker.cache - TemplateLoader.findTemplateSource("logs-view/testrunner-logs-view.ftl"): Found
DEBUG main freemarker.cache - Loading template for "logs-view/testrunner-logs-view.ftl"("en", UTF-8, parsed) from "jar:file:/C:/Users/adc/.m2/repository/com/aventstack/extentreports/3.1.2/extentreports-3.1.2.jar!/com/aventstack/extentreports/view/html-report/logs-view/testrunner-logs-view.ftl"
INFO main testCases.SearchProduct - Launching Aamzon Application
INFO main testCases.SearchProduct - Entering Product Name
INFO main testCases.SearchProduct - Page Loding....
INFO main testCases.SearchProduct - Searching Product
INFO main testCases.SearchProduct - Click on product
INFO main testCases.SearchProduct - verifying Product Size
INFO main testCases.SearchProduct - click on Add To Cart
INFO main testCases.SearchProduct - click on cart
INFO main testCases.SearchProduct - click on proceed to Buy
DEBUG main freemarker.cache - Couldn't find template in cache for "index.ftl"("en", UTF-8, parsed); will try to load it.
DEBUG main freemarker.cache - TemplateLoader.findTemplateSource("index_en.ftl"): Not found
DEBUG main freemarker.cache - TemplateLoader.findTemplateSource("index.ftl"): Found
DEBUG main freemarker.cache - Loading template for "index.ftl"("en", UTF-8, parsed) from "jar:file:/C:/Users/adc/.m2/repository/com/aventstack/extentreports/3.1.2/extentreports-3.1.2.jar!/com/aventstack/extentreports/view/html-report/index.ftl"
DEBUG main freemarker.cache - Couldn't find template in cache for "head.ftl"("en", UTF-8, parsed); will try to load it.
DEBUG main freemarker.cache - TemplateLoader.findTemplateSource("head_en.ftl"): Not found
DEBUG main freemarker.cache - TemplateLoader.findTemplateSource("head.ftl"): Found
DEBUG main freemarker.cache - Loading template for "head.ftl"("en", UTF-8, parsed) from "jar:file:/C:/Users/adc/.m2/repository/com/aventstack/extentreports/3.1.2/extentreports-3.1.2.jar!/com/aventstack/extentreports/view/html-report/head.ftl"
DEBUG main freemarker.cache - Couldn't find template in cache for "nav.ftl"("en", UTF-8, parsed); will try to load it.
DEBUG main freemarker.cache - TemplateLoader.findTemplateSource("nav_en.ftl"): Not found
DEBUG main freemarker.cache - TemplateLoader.findTemplateSource("nav.ftl"): Found
DEBUG main freemarker.cache - Loading template for "nav.ftl"("en", UTF-8, parsed) from "jar:file:/C:/Users/adc/.m2/repository/com/aventstack/extentreports/3.1.2/extentreports-3.1.2.jar!/com/aventstack/extentreports/view/html-report/nav.ftl"
DEBUG main freemarker.cache - Couldn't find template in cache for "test-view/test-view.ftl"("en", UTF-8, parsed); will try to load it.
DEBUG main freemarker.cache - TemplateLoader.findTemplateSource("test-view/test-view_en.ftl"): Not found
DEBUG main freemarker.cache - TemplateLoader.findTemplateSource("test-view/test-view.ftl"): Found
DEBUG main freemarker.cache - Loading template for "test-view/test-view.ftl"("en", UTF-8, parsed) from "jar:file:/C:/Users/adc/.m2/repository/com/aventstack/extentreports/3.1.2/extentreports-3.1.2.jar!/com/aventstack/extentreports/view/html-report/test-view/test-view.ftl"
DEBUG main freemarker.cache - Couldn't find template in cache for "test-view/test-view-charts.ftl"("en", UTF-8, parsed); will try to load it.
DEBUG main freemarker.cache - TemplateLoader.findTemplateSource("test-view/test-view-charts_en.ftl"): Not found
DEBUG main freemarker.cache - TemplateLoader.findTemplateSource("test-view/test-view-charts.ftl"): Found
DEBUG main freemarker.cache - Loading template for "test-view/test-view-charts.ftl"("en", UTF-8, parsed) from "jar:file:/C:/Users/adc/.m2/repository/com/aventstack/extentreports/3.1.2/extentreports-3.1.2.jar!/com/aventstack/extentreports/view/html-report/test-view/test-view-charts.ftl"
DEBUG main freemarker.cache - Couldn't find template in cache for "test-view/standard.ftl"("en", UTF-8, parsed); will try to load it.
DEBUG main freemarker.cache - TemplateLoader.findTemplateSource("test-view/standard_en.ftl"): Not found
DEBUG main freemarker.cache - TemplateLoader.findTemplateSource("test-view/standard.ftl"): Found
DEBUG main freemarker.cache - Loading template for "test-view/standard.ftl"("en", UTF-8, parsed) from "jar:file:/C:/Users/adc/.m2/repository/com/aventstack/extentreports/3.1.2/extentreports-3.1.2.jar!/com/aventstack/extentreports/view/html-report/test-view/standard.ftl"
DEBUG main freemarker.cache - "test-view/standard.ftl"("en", UTF-8, parsed) cached copy not yet stale; using cached.
DEBUG main freemarker.cache - Couldn't find template in cache for "category-view/category-view.ftl"("en", UTF-8, parsed); will try to load it.
DEBUG main freemarker.cache - TemplateLoader.findTemplateSource("category-view/category-view_en.ftl"): Not found
DEBUG main freemarker.cache - TemplateLoader.findTemplateSource("category-view/category-view.ftl"): Found
DEBUG main freemarker.cache - Loading template for "category-view/category-view.ftl"("en", UTF-8, parsed) from "jar:file:/C:/Users/adc/.m2/repository/com/aventstack/extentreports/3.1.2/extentreports-3.1.2.jar!/com/aventstack/extentreports/view/html-report/category-view/category-view.ftl"
DEBUG main freemarker.cache - Couldn't find template in cache for "author-view/author-view.ftl"("en", UTF-8, parsed); will try to load it.
DEBUG main freemarker.cache - TemplateLoader.findTemplateSource("author-view/author-view_en.ftl"): Not found
DEBUG main freemarker.cache - TemplateLoader.findTemplateSource("author-view/author-view.ftl"): Found
DEBUG main freemarker.cache - Loading template for "author-view/author-view.ftl"("en", UTF-8, parsed) from "jar:file:/C:/Users/adc/.m2/repository/com/aventstack/extentreports/3.1.2/extentreports-3.1.2.jar!/com/aventstack/extentreports/view/html-report/author-view/author-view.ftl"
DEBUG main freemarker.cache - Couldn't find template in cache for "exception-view/exception-view.ftl"("en", UTF-8, parsed); will try to load it.
DEBUG main freemarker.cache - TemplateLoader.findTemplateSource("exception-view/exception-view_en.ftl"): Not found
DEBUG main freemarker.cache - TemplateLoader.findTemplateSource("exception-view/exception-view.ftl"): Found
DEBUG main freemarker.cache - Loading template for "exception-view/exception-view.ftl"("en", UTF-8, parsed) from "jar:file:/C:/Users/adc/.m2/repository/com/aventstack/extentreports/3.1.2/extentreports-3.1.2.jar!/com/aventstack/extentreports/view/html-report/exception-view/exception-view.ftl"
DEBUG main freemarker.cache - Couldn't find template in cache for "dashboard-view/dashboard-view.ftl"("en", UTF-8, parsed); will try to load it.
DEBUG main freemarker.cache - TemplateLoader.findTemplateSource("dashboard-view/dashboard-view_en.ftl"): Not found
DEBUG main freemarker.cache - TemplateLoader.findTemplateSource("dashboard-view/dashboard-view.ftl"): Found
DEBUG main freemarker.cache - Loading template for "dashboard-view/dashboard-view.ftl"("en", UTF-8, parsed) from "jar:file:/C:/Users/adc/.m2/repository/com/aventstack/extentreports/3.1.2/extentreports-3.1.2.jar!/com/aventstack/extentreports/view/html-report/dashboard-view/dashboard-view.ftl"
DEBUG main freemarker.cache - Couldn't find template in cache for "logs-view/testrunner-logs-view.ftl"("en", UTF-8, parsed); will try to load it.
DEBUG main freemarker.cache - TemplateLoader.findTemplateSource("logs-view/testrunner-logs-view_en.ftl"): Not found
DEBUG main freemarker.cache - TemplateLoader.findTemplateSource("logs-view/testrunner-logs-view.ftl"): Found
DEBUG main freemarker.cache - Loading template for "logs-view/testrunner-logs-view.ftl"("en", UTF-8, parsed) from "jar:file:/C:/Users/adc/.m2/repository/com/aventstack/extentreports/3.1.2/extentreports-3.1.2.jar!/com/aventstack/extentreports/view/html-report/logs-view/testrunner-logs-view.ftl"
INFO main testCases.LoginTest - click on sign in
INFO main testCases.LoginTest - pageLoading....
INFO main testCases.LoginTest - enter username 
INFO main testCases.LoginTest -  click on continue button
INFO main testCases.LoginTest - enter password..
INFO main testCases.LoginTest - click on continue button
INFO main testCases.LoginTest - signed in amazon test case passed
INFO main testCases.SearchProduct - Launching Aamzon Application
INFO main testCases.SearchProduct - Entering Product Name
INFO main testCases.SearchProduct - Page Loding....
INFO main testCases.SearchProduct - Searching Product
INFO main testCases.SearchProduct - Click on product
INFO main testCases.SearchProduct - verifying Product Size
INFO main testCases.SearchProduct - click on Add To Cart
INFO main testCases.SearchProduct - click on cart
INFO main testCases.SearchProduct - click on proceed to Buy
DEBUG main freemarker.cache - Couldn't find template in cache for "index.ftl"("en", UTF-8, parsed); will try to load it.
DEBUG main freemarker.cache - TemplateLoader.findTemplateSource("index_en.ftl"): Not found
DEBUG main freemarker.cache - TemplateLoader.findTemplateSource("index.ftl"): Found
DEBUG main freemarker.cache - Loading template for "index.ftl"("en", UTF-8, parsed) from "jar:file:/C:/Users/adc/.m2/repository/com/aventstack/extentreports/3.1.2/extentreports-3.1.2.jar!/com/aventstack/extentreports/view/html-report/index.ftl"
DEBUG main freemarker.cache - Couldn't find template in cache for "head.ftl"("en", UTF-8, parsed); will try to load it.
DEBUG main freemarker.cache - TemplateLoader.findTemplateSource("head_en.ftl"): Not found
DEBUG main freemarker.cache - TemplateLoader.findTemplateSource("head.ftl"): Found
DEBUG main freemarker.cache - Loading template for "head.ftl"("en", UTF-8, parsed) from "jar:file:/C:/Users/adc/.m2/repository/com/aventstack/extentreports/3.1.2/extentreports-3.1.2.jar!/com/aventstack/extentreports/view/html-report/head.ftl"
DEBUG main freemarker.cache - Couldn't find template in cache for "nav.ftl"("en", UTF-8, parsed); will try to load it.
DEBUG main freemarker.cache - TemplateLoader.findTemplateSource("nav_en.ftl"): Not found
DEBUG main freemarker.cache - TemplateLoader.findTemplateSource("nav.ftl"): Found
DEBUG main freemarker.cache - Loading template for "nav.ftl"("en", UTF-8, parsed) from "jar:file:/C:/Users/adc/.m2/repository/com/aventstack/extentreports/3.1.2/extentreports-3.1.2.jar!/com/aventstack/extentreports/view/html-report/nav.ftl"
DEBUG main freemarker.cache - Couldn't find template in cache for "test-view/test-view.ftl"("en", UTF-8, parsed); will try to load it.
DEBUG main freemarker.cache - TemplateLoader.findTemplateSource("test-view/test-view_en.ftl"): Not found
DEBUG main freemarker.cache - TemplateLoader.findTemplateSource("test-view/test-view.ftl"): Found
DEBUG main freemarker.cache - Loading template for "test-view/test-view.ftl"("en", UTF-8, parsed) from "jar:file:/C:/Users/adc/.m2/repository/com/aventstack/extentreports/3.1.2/extentreports-3.1.2.jar!/com/aventstack/extentreports/view/html-report/test-view/test-view.ftl"
DEBUG main freemarker.cache - Couldn't find template in cache for "test-view/test-view-charts.ftl"("en", UTF-8, parsed); will try to load it.
DEBUG main freemarker.cache - TemplateLoader.findTemplateSource("test-view/test-view-charts_en.ftl"): Not found
DEBUG main freemarker.cache - TemplateLoader.findTemplateSource("test-view/test-view-charts.ftl"): Found
DEBUG main freemarker.cache - Loading template for "test-view/test-view-charts.ftl"("en", UTF-8, parsed) from "jar:file:/C:/Users/adc/.m2/repository/com/aventstack/extentreports/3.1.2/extentreports-3.1.2.jar!/com/aventstack/extentreports/view/html-report/test-view/test-view-charts.ftl"
DEBUG main freemarker.cache - Couldn't find template in cache for "test-view/standard.ftl"("en", UTF-8, parsed); will try to load it.
DEBUG main freemarker.cache - TemplateLoader.findTemplateSource("test-view/standard_en.ftl"): Not found
DEBUG main freemarker.cache - TemplateLoader.findTemplateSource("test-view/standard.ftl"): Found
DEBUG main freemarker.cache - Loading template for "test-view/standard.ftl"("en", UTF-8, parsed) from "jar:file:/C:/Users/adc/.m2/repository/com/aventstack/extentreports/3.1.2/extentreports-3.1.2.jar!/com/aventstack/extentreports/view/html-report/test-view/standard.ftl"
DEBUG main freemarker.cache - "test-view/standard.ftl"("en", UTF-8, parsed) cached copy not yet stale; using cached.
DEBUG main freemarker.cache - Couldn't find template in cache for "category-view/category-view.ftl"("en", UTF-8, parsed); will try to load it.
DEBUG main freemarker.cache - TemplateLoader.findTemplateSource("category-view/category-view_en.ftl"): Not found
DEBUG main freemarker.cache - TemplateLoader.findTemplateSource("category-view/category-view.ftl"): Found
DEBUG main freemarker.cache - Loading template for "category-view/category-view.ftl"("en", UTF-8, parsed) from "jar:file:/C:/Users/adc/.m2/repository/com/aventstack/extentreports/3.1.2/extentreports-3.1.2.jar!/com/aventstack/extentreports/view/html-report/category-view/category-view.ftl"
DEBUG main freemarker.cache - Couldn't find template in cache for "author-view/author-view.ftl"("en", UTF-8, parsed); will try to load it.
DEBUG main freemarker.cache - TemplateLoader.findTemplateSource("author-view/author-view_en.ftl"): Not found
DEBUG main freemarker.cache - TemplateLoader.findTemplateSource("author-view/author-view.ftl"): Found
DEBUG main freemarker.cache - Loading template for "author-view/author-view.ftl"("en", UTF-8, parsed) from "jar:file:/C:/Users/adc/.m2/repository/com/aventstack/extentreports/3.1.2/extentreports-3.1.2.jar!/com/aventstack/extentreports/view/html-report/author-view/author-view.ftl"
DEBUG main freemarker.cache - Couldn't find template in cache for "exception-view/exception-view.ftl"("en", UTF-8, parsed); will try to load it.
DEBUG main freemarker.cache - TemplateLoader.findTemplateSource("exception-view/exception-view_en.ftl"): Not found
DEBUG main freemarker.cache - TemplateLoader.findTemplateSource("exception-view/exception-view.ftl"): Found
DEBUG main freemarker.cache - Loading template for "exception-view/exception-view.ftl"("en", UTF-8, parsed) from "jar:file:/C:/Users/adc/.m2/repository/com/aventstack/extentreports/3.1.2/extentreports-3.1.2.jar!/com/aventstack/extentreports/view/html-report/exception-view/exception-view.ftl"
DEBUG main freemarker.cache - Couldn't find template in cache for "dashboard-view/dashboard-view.ftl"("en", UTF-8, parsed); will try to load it.
DEBUG main freemarker.cache - TemplateLoader.findTemplateSource("dashboard-view/dashboard-view_en.ftl"): Not found
DEBUG main freemarker.cache - TemplateLoader.findTemplateSource("dashboard-view/dashboard-view.ftl"): Found
DEBUG main freemarker.cache - Loading template for "dashboard-view/dashboard-view.ftl"("en", UTF-8, parsed) from "jar:file:/C:/Users/adc/.m2/repository/com/aventstack/extentreports/3.1.2/extentreports-3.1.2.jar!/com/aventstack/extentreports/view/html-report/dashboard-view/dashboard-view.ftl"
DEBUG main freemarker.cache - Couldn't find template in cache for "logs-view/testrunner-logs-view.ftl"("en", UTF-8, parsed); will try to load it.
DEBUG main freemarker.cache - TemplateLoader.findTemplateSource("logs-view/testrunner-logs-view_en.ftl"): Not found
DEBUG main freemarker.cache - TemplateLoader.findTemplateSource("logs-view/testrunner-logs-view.ftl"): Found
DEBUG main freemarker.cache - Loading template for "logs-view/testrunner-logs-view.ftl"("en", UTF-8, parsed) from "jar:file:/C:/Users/adc/.m2/repository/com/aventstack/extentreports/3.1.2/extentreports-3.1.2.jar!/com/aventstack/extentreports/view/html-report/logs-view/testrunner-logs-view.ftl"
